x0  = 0x00000000 (0)
x1  = 0xFFFFFFF9 (-7)
x2  = 0x00000002 (2)
x3  = 0x00000000 (0)
x4  = 0x00000000 (0)
x5  = 0x00000000 (0)
x6  = 0x00000000 (0)
x7  = 0x00000000 (0)
x8  = 0x00000000 (0)
x9  = 0x00000000 (0)
x10 = 0xFFFFFFF2 (-14)
x11 = 0xFFFFFFFF (-1)
x12 = 0xFFFFFFFF (-1)
x13 = 0x00000001 (1)
x14 = 0xFFFFFFFD (-3)
x15 = 0x7FFFFFFC (2147483644)
x16 = 0xFFFFFFFF (-1)
x17 = 0x00000001 (1)
x18 = 0x00000000 (0)
x19 = 0x00000000 (0)
x20 = 0x00000000 (0)
x21 = 0x00000000 (0)
x22 = 0x00000000 (0)
x23 = 0x00000000 (0)
x24 = 0x00000000 (0)
x25 = 0x00000000 (0)
x26 = 0x00000000 (0)
x27 = 0x00000000 (0)
x28 = 0x00000000 (0)
x29 = 0x00000000 (0)
x30 = 0x00000000 (0)
x31 = 0x00000000 (0)
